2025-05-08 12:29:19,609 - warehouse - INFO - Ticket #5: usando data scadenza 2025-05-18 12:23:57 dalla prima linea
2025-05-08 12:29:19,629 - warehouse - INFO - Ticket #4 (ID: 4): trovato ID articolo 1 dal QR
2025-05-08 12:29:19,647 - warehouse - INFO - Ticket #4: trovato prodotto 'CROCCHE' DI PATATE' (ID: 1)
2025-05-08 12:29:19,651 - warehouse - INFO - Ticket #4: usando data scadenza 2025-05-18 12:23:57 dalla prima linea
2025-05-08 12:29:19,655 - warehouse - INFO - Ticket #3 (ID: 3): trovato ID articolo 22 dal QR
2025-05-08 12:29:19,671 - warehouse - INFO - Ticket #3: trovato prodotto 'CIPOLLE ROSSE CARAMELLATE' (ID: 22)
2025-05-08 12:29:19,671 - warehouse - INFO - Ticket #3: usando data scadenza 2025-05-18 12:23:57 dalla prima linea
2025-05-08 12:29:19,705 - warehouse - INFO - Ticket #2 (ID: 2): trovato ID articolo 22 dal QR
2025-05-08 12:29:19,722 - warehouse - INFO - Ticket #2: trovato prodotto 'CIPOLLE ROSSE CARAMELLATE' (ID: 22)
2025-05-08 12:29:19,722 - warehouse - INFO - Ticket #2: usando data scadenza 2025-05-18 12:23:57 dalla prima linea
2025-05-08 12:29:19,728 - warehouse - INFO - Ticket #1 (ID: 1): trovato ID articolo 21 dal QR
2025-05-08 12:29:19,749 - warehouse - INFO - Ticket #1: trovato prodotto 'CREMA DI FRIARIELLI' (ID: 21)
2025-05-08 12:29:19,755 - warehouse - INFO - Ticket #1: usando data scadenza 2025-05-18 12:23:57 dalla prima linea
2025-05-08 12:29:19,768 - werkzeug - INFO - 127.0.0.1 - - [08/May/2025 12:29:19] "GET /warehouse/tickets HTTP/1.1" 200 -
2025-05-08 12:29:19,938 - werkzeug - INFO - 127.0.0.1 - - [08/May/2025 12:29:19] "[36mGET /static/css/style.css HTTP/1.1[0m" 304 -
2025-05-08 12:29:19,961 - werkzeug - INFO - 127.0.0.1 - - [08/May/2025 12:29:19] "[36mGET /static/js/main.js HTTP/1.1[0m" 304 -
2025-05-08 12:29:57,994 - warehouse - INFO - Ticket #1 (ID: 1): trovato ID articolo 21 dal QR
2025-05-08 12:29:58,008 - warehouse - INFO - Ticket #1: trovato prodotto 'CREMA DI FRIARIELLI' (ID: 21)
2025-05-08 12:29:58,011 - warehouse - INFO - Ticket #1: trovata data scadenza 2025-05-09 11:37:45 per prodotto ID 21
2025-05-08 12:29:58,019 - werkzeug - INFO - 127.0.0.1 - - [08/May/2025 12:29:58] "GET /warehouse/tickets?status=expiring HTTP/1.1" 200 -
2025-05-08 12:29:58,205 - werkzeug - INFO - 127.0.0.1 - - [08/May/2025 12:29:58] "[36mGET /static/css/style.css HTTP/1.1[0m" 304 -
2025-05-08 12:29:58,210 - werkzeug - INFO - 127.0.0.1 - - [08/May/2025 12:29:58] "[36mGET /static/js/main.js HTTP/1.1[0m" 304 -
2025-05-08 12:30:10,775 - warehouse - INFO - Ticket #6 (ID: 7): trovato ID articolo 5 dal QR
2025-05-08 12:30:10,806 - warehouse - INFO - Ticket #6: trovato prodotto 'FRITTATINA NAPOLETANA DI PASTA ALLA GENOVESE' (ID: 5)
2025-05-08 12:30:10,812 - warehouse - INFO - Ticket #6: trovata data scadenza 2025-05-18 12:23:57 per prodotto ID 5
2025-05-08 12:30:10,815 - warehouse - INFO - Ticket #5 (ID: 6): trovato ID articolo 17 dal QR
2025-05-08 12:30:10,837 - warehouse - INFO - Ticket #5: trovato prodotto 'FRIARIELLI NAPOLETANI' (ID: 17)
2025-05-08 12:30:10,841 - warehouse - INFO - Ticket #5: usando data scadenza 2025-05-18 12:23:57 dalla prima linea
2025-05-08 12:30:10,849 - warehouse - INFO - Ticket #4 (ID: 4): trovato ID articolo 1 dal QR
2025-05-08 12:30:10,869 - warehouse - INFO - Ticket #4: trovato prodotto 'CROCCHE' DI PATATE' (ID: 1)
2025-05-08 12:30:10,873 - warehouse - INFO - Ticket #4: usando data scadenza 2025-05-18 12:23:57 dalla prima linea
2025-05-08 12:30:10,877 - warehouse - INFO - Ticket #3 (ID: 3): trovato ID articolo 22 dal QR
2025-05-08 12:30:10,897 - warehouse - INFO - Ticket #3: trovato prodotto 'CIPOLLE ROSSE CARAMELLATE' (ID: 22)
2025-05-08 12:30:10,903 - warehouse - INFO - Ticket #3: usando data scadenza 2025-05-18 12:23:57 dalla prima linea
2025-05-08 12:30:10,909 - warehouse - INFO - Ticket #2 (ID: 2): trovato ID articolo 22 dal QR
2025-05-08 12:30:10,926 - warehouse - INFO - Ticket #2: trovato prodotto 'CIPOLLE ROSSE CARAMELLATE' (ID: 22)
2025-05-08 12:30:10,937 - warehouse - INFO - Ticket #2: usando data scadenza 2025-05-18 12:23:57 dalla prima linea
2025-05-08 12:30:10,940 - warehouse - INFO - Ticket #1 (ID: 1): trovato ID articolo 21 dal QR
2025-05-08 12:30:10,974 - warehouse - INFO - Ticket #1: trovato prodotto 'CREMA DI FRIARIELLI' (ID: 21)
2025-05-08 12:30:10,977 - warehouse - INFO - Ticket #1: usando data scadenza 2025-05-18 12:23:57 dalla prima linea
2025-05-08 12:30:10,997 - werkzeug - INFO - 127.0.0.1 - - [08/May/2025 12:30:10] "GET /warehouse/tickets HTTP/1.1" 200 -
2025-05-08 12:30:11,232 - werkzeug - INFO - 127.0.0.1 - - [08/May/2025 12:30:11] "[36mGET /static/css/style.css HTTP/1.1[0m" 304 -
2025-05-08 12:30:11,246 - werkzeug - INFO - 127.0.0.1 - - [08/May/2025 12:30:11] "[36mGET /static/js/main.js HTTP/1.1[0m" 304 -
2025-05-08 12:32:05,569 - warehouse - INFO - Ticket #7 (ID: 8): trovato ID articolo 22 dal QR
2025-05-08 12:32:05,588 - warehouse - INFO - Ticket #7: trovato prodotto 'CIPOLLE ROSSE CARAMELLATE' (ID: 22)
2025-05-08 12:32:05,588 - warehouse - INFO - Ticket #7: trovata data scadenza 2025-05-28 12:32:04 per prodotto ID 22
2025-05-08 12:32:05,591 - warehouse - INFO - Ticket #6 (ID: 7): trovato ID articolo 5 dal QR
2025-05-08 12:32:05,600 - warehouse - INFO - Ticket #6: trovato prodotto 'FRITTATINA NAPOLETANA DI PASTA ALLA GENOVESE' (ID: 5)
2025-05-08 12:32:05,600 - warehouse - INFO - Ticket #6: usando data scadenza 2025-05-28 12:32:04 dalla prima linea
2025-05-08 12:32:05,603 - warehouse - INFO - Ticket #5 (ID: 6): trovato ID articolo 17 dal QR
2025-05-08 12:32:05,612 - warehouse - INFO - Ticket #5: trovato prodotto 'FRIARIELLI NAPOLETANI' (ID: 17)
2025-05-08 12:32:05,615 - warehouse - INFO - Ticket #5: usando data scadenza 2025-05-28 12:32:04 dalla prima linea
2025-05-08 12:32:05,615 - warehouse - INFO - Ticket #4 (ID: 4): trovato ID articolo 1 dal QR
2025-05-08 12:32:05,626 - warehouse - INFO - Ticket #4: trovato prodotto 'CROCCHE' DI PATATE' (ID: 1)
2025-05-08 12:32:05,626 - warehouse - INFO - Ticket #4: usando data scadenza 2025-05-28 12:32:04 dalla prima linea
2025-05-08 12:32:05,630 - warehouse - INFO - Ticket #3 (ID: 3): trovato ID articolo 22 dal QR
2025-05-08 12:32:05,640 - warehouse - INFO - Ticket #3: trovato prodotto 'CIPOLLE ROSSE CARAMELLATE' (ID: 22)
2025-05-08 12:32:05,641 - warehouse - INFO - Ticket #3: trovata data scadenza 2025-05-28 12:32:04 per prodotto ID 22
2025-05-08 12:32:05,641 - warehouse - INFO - Ticket #2 (ID: 2): trovato ID articolo 22 dal QR
2025-05-08 12:32:05,649 - warehouse - INFO - Ticket #2: trovato prodotto 'CIPOLLE ROSSE CARAMELLATE' (ID: 22)
2025-05-08 12:32:05,653 - warehouse - INFO - Ticket #2: trovata data scadenza 2025-05-28 12:32:04 per prodotto ID 22
2025-05-08 12:32:05,655 - warehouse - INFO - Ticket #1 (ID: 1): trovato ID articolo 21 dal QR
2025-05-08 12:32:05,661 - warehouse - INFO - Ticket #1: trovato prodotto 'CREMA DI FRIARIELLI' (ID: 21)
2025-05-08 12:32:05,661 - warehouse - INFO - Ticket #1: usando data scadenza 2025-05-28 12:32:04 dalla prima linea
2025-05-08 12:32:05,676 - werkzeug - INFO - 127.0.0.1 - - [08/May/2025 12:32:05] "GET /warehouse/tickets HTTP/1.1" 200 -
2025-05-08 12:32:05,761 - werkzeug - INFO - 127.0.0.1 - - [08/May/2025 12:32:05] "[36mGET /static/css/style.css HTTP/1.1[0m" 304 -
2025-05-08 12:32:05,765 - werkzeug - INFO - 127.0.0.1 - - [08/May/2025 12:32:05] "[36mGET /static/js/main.js HTTP/1.1[0m" 304 -
