Errore nel recupero delle linee del ticket #2: Textual SQL expression '\n            SELECT * FRO...' should be explicitly declared as text('\n            SELECT * FRO...')
Errore nel recupero delle linee del ticket #2: Textual SQL expression '\n            SELECT * FRO...' should be explicitly declared as text('\n            SELECT * FRO...')
Errore nel recupero diretto SQL: (1146, "Table 'sys_datos.ticketline' doesn't exist")
Errore nel recupero diretto SQL: (1146, "Table 'sys_datos.ticketline' doesn't exist")
Errore nel recupero diretto SQL: (1146, "Table 'sys_datos.ticketline' doesn't exist")
Errore nel recupero diretto SQL: (1146, "Table 'sys_datos.ticketline' doesn't exist")
Errore nel recupero diretto SQL: (1146, "Table 'sys_datos.ticketline' doesn't exist")
Errore nel recupero diretto SQL: not all arguments converted during string formatting
Errore nel recupero diretto SQL: not all arguments converted during string formatting
Errore nel recupero diretto SQL: not all arguments converted during string formatting
Ticket #1: prodotto 'CREMA DI CACIOCAVALLO' (ID: 19)
Ticket #2: prodotto 'CROCCHE' DI PATATE teeeest' (ID: 1)
Ticket #2: data scadenza 2025-05-17 15:35:53
Ticket #1: prodotto 'CIPOLLE ROSSE CARAMELLATE' (ID: 22)
Ticket #1: data scadenza 2025-05-13 15:35:39
Ticket #2: prodotto 'FRITTATA NAPOLETANA DI PASTA PATATE E PROVOLA (COTTO)' (ID: 26)
Ticket #1: prodotto 'CREMA DI CACIOCAVALLO' (ID: 19)
Ticket #2: prodotto 'CROCCHE' DI PATATE teeeest' (ID: 1)
Ticket #2: data scadenza 2025-05-17 15:35:53
Ticket #1: prodotto 'CIPOLLE ROSSE CARAMELLATE' (ID: 22)
Ticket #1: data scadenza 2025-05-13 15:35:39
Ticket #2: prodotto 'FRITTATA NAPOLETANA DI PASTA PATATE E PROVOLA (COTTO)' (ID: 26)
Ticket #1: prodotto 'CREMA DI CACIOCAVALLO' (ID: 19)
Ticket #2: prodotto 'CROCCHE' DI PATATE teeeest' (ID: 1)
Ticket #2: data scadenza 2025-05-17 15:35:53
Ticket #1: prodotto 'CIPOLLE ROSSE CARAMELLATE' (ID: 22)
Ticket #1: data scadenza 2025-05-13 15:35:39
Ticket #2: prodotto 'CROCCHE' DI PATATE teeeest' (ID: 1)
Ticket #2: data scadenza 2025-05-17 15:35:53
Ticket #2: prodotto 'FRITTATA NAPOLETANA DI PASTA PATATE E PROVOLA (COTTO)' (ID: 26)
Ticket #1: prodotto 'CREMA DI CACIOCAVALLO' (ID: 19)
Ticket #2: prodotto 'CROCCHE' DI PATATE teeeest' (ID: 1)
Ticket #2: data scadenza 2025-05-17 15:35:53
Ticket #1: prodotto 'CIPOLLE ROSSE CARAMELLATE' (ID: 22)
Ticket #1: data scadenza 2025-05-13 15:35:39
Ticket #2: prodotto 'FRITTATA NAPOLETANA DI PASTA PATATE E PROVOLA (COTTO)' (ID: 26)
Ticket #1: prodotto 'CREMA DI CACIOCAVALLO' (ID: 19)
Ticket #2: prodotto 'CROCCHE' DI PATATE teeeest' (ID: 1)
Ticket #2: data scadenza 2025-05-17 15:35:53
Ticket #1: prodotto 'CIPOLLE ROSSE CARAMELLATE' (ID: 22)
Ticket #1: data scadenza 2025-05-13 15:35:39
Ticket #2: prodotto 'FRITTATA NAPOLETANA DI PASTA PATATE E PROVOLA (COTTO)' (ID: 26)
Ticket #1: prodotto 'CREMA DI CACIOCAVALLO' (ID: 19)
Ticket #2: prodotto 'CROCCHE' DI PATATE teeeest' (ID: 1)
Ticket #2: data scadenza 2025-05-17 15:35:53
Ticket #1: prodotto 'CIPOLLE ROSSE CARAMELLATE' (ID: 22)
Ticket #1: data scadenza 2025-05-13 15:35:39
Ticket #2: prodotto 'FRITTATA NAPOLETANA DI PASTA PATATE E PROVOLA (COTTO)' (ID: 26)
Ticket #1: prodotto 'CREMA DI CACIOCAVALLO' (ID: 19)
Ticket #2: prodotto 'CROCCHE' DI PATATE teeeest' (ID: 1)
Ticket #2: data scadenza 2025-05-17 15:35:53
Ticket #1: prodotto 'CIPOLLE ROSSE CARAMELLATE' (ID: 22)
Ticket #1: data scadenza 2025-05-13 15:35:39
Ticket #2: prodotto 'FRITTATA NAPOLETANA DI PASTA PATATE E PROVOLA (COTTO)' (ID: 26)
Ticket #1: prodotto 'CREMA DI CACIOCAVALLO' (ID: 19)
Ticket #2: prodotto 'CROCCHE' DI PATATE teeeest' (ID: 1)
Ticket #2: data scadenza 2025-05-17 15:35:53
Ticket #1: prodotto 'CIPOLLE ROSSE CARAMELLATE' (ID: 22)
Ticket #1: data scadenza 2025-05-13 15:35:39
Ticket #2: prodotto 'FRITTATA NAPOLETANA DI PASTA PATATE E PROVOLA (COTTO)' (ID: 26)
Ticket #1: prodotto 'CREMA DI CACIOCAVALLO' (ID: 19)
Ticket #2: prodotto 'CROCCHE' DI PATATE teeeest' (ID: 1)
Ticket #2: data scadenza 2025-05-17 15:35:53
Ticket #1: prodotto 'CIPOLLE ROSSE CARAMELLATE' (ID: 22)
Ticket #1: data scadenza 2025-05-13 15:35:39
Ticket #2: prodotto 'FRITTATA NAPOLETANA DI PASTA PATATE E PROVOLA (COTTO)' (ID: 26)
Ticket #1: prodotto 'CREMA DI CACIOCAVALLO' (ID: 19)
Ticket #2: prodotto 'CROCCHE' DI PATATE teeeest' (ID: 1)
Ticket #2: data scadenza 2025-05-17 15:35:53
Ticket #1: prodotto 'CIPOLLE ROSSE CARAMELLATE' (ID: 22)
Ticket #1: data scadenza 2025-05-13 15:35:39
Ticket #2: prodotto 'FRITTATA NAPOLETANA DI PASTA PATATE E PROVOLA (COTTO)' (ID: 26)
Ticket #1: prodotto 'CREMA DI CACIOCAVALLO' (ID: 19)
Ticket #2: prodotto 'CROCCHE' DI PATATE teeeest' (ID: 1)
Ticket #2: data scadenza 2025-05-17 15:35:53
Ticket #1: prodotto 'CIPOLLE ROSSE CARAMELLATE' (ID: 22)
Ticket #1: data scadenza 2025-05-13 15:35:39
Ticket #2: prodotto 'FRITTATA NAPOLETANA DI PASTA PATATE E PROVOLA (COTTO)' (ID: 26)
Ticket #1: prodotto 'CREMA DI CACIOCAVALLO' (ID: 19)
Ticket #2: prodotto 'CROCCHE' DI PATATE teeeestawfawawgg' (ID: 1)
Ticket #2: data scadenza 2025-05-17 15:35:53
Ticket #1: prodotto 'CIPOLLE ROSSE CARAMELLATE' (ID: 22)
Ticket #1: data scadenza 2025-05-13 15:35:39
